c:\users\atlas\downloads\ie-activex-voicerec-develop\ie-activex-voicerec-develop\ieactivexvoicerec\x64\debug\ieactivexvoicerec.pch
c:\users\atlas\downloads\ie-activex-voicerec-develop\ie-activex-voicerec-develop\ieactivexvoicerec\x64\debug\vc141.pdb
c:\users\atlas\downloads\ie-activex-voicerec-develop\ie-activex-voicerec-develop\ieactivexvoicerec\x64\debug\vc141.idb
c:\users\atlas\downloads\ie-activex-voicerec-develop\ie-activex-voicerec-develop\ieactivexvoicerec\x64\debug\stdafx.obj
c:\users\atlas\downloads\ie-activex-voicerec-develop\ie-activex-voicerec-develop\ieactivexvoicerec\x64\debug\ieactivexvoicerecproppage.obj
c:\users\atlas\downloads\ie-activex-voicerec-develop\ie-activex-voicerec-develop\ieactivexvoicerec\x64\debug\ieactivexvoicerecctrl.obj
c:\users\atlas\downloads\ie-activex-voicerec-develop\ie-activex-voicerec-develop\ieactivexvoicerec\x64\debug\ieactivexvoicerec.obj
c:\users\atlas\downloads\ie-activex-voicerec-develop\ie-activex-voicerec-develop\ieactivexvoicerec\x64\debug\base64.obj
c:\users\atlas\downloads\ie-activex-voicerec-develop\ie-activex-voicerec-develop\ieactivexvoicerec\x64\debug\audiohandler.obj
c:\users\atlas\downloads\ie-activex-voicerec-develop\ie-activex-voicerec-develop\ieactivexvoicerec\x64\debug\audioformatencoder.obj
c:\users\atlas\downloads\ie-activex-voicerec-develop\ie-activex-voicerec-develop\x64\debug\ieactivexvoicerec.lib
c:\users\atlas\downloads\ie-activex-voicerec-develop\ie-activex-voicerec-develop\x64\debug\ieactivexvoicerec.exp
c:\users\atlas\downloads\ie-activex-voicerec-develop\ie-activex-voicerec-develop\x64\debug\ieactivexvoicerec.ilk
c:\users\atlas\downloads\ie-activex-voicerec-develop\ie-activex-voicerec-develop\x64\debug\ieactivexvoicerec.ocx
c:\users\atlas\downloads\ie-activex-voicerec-develop\ie-activex-voicerec-develop\x64\debug\ieactivexvoicerec.pdb
c:\users\atlas\downloads\ie-activex-voicerec-develop\ie-activex-voicerec-develop\ieactivexvoicerec\x64\debug\ieactivexvoicerec.tlb
c:\users\atlas\downloads\ie-activex-voicerec-develop\ie-activex-voicerec-develop\ieactivexvoicerec\ieactivexvoicerec_i.c
c:\users\atlas\downloads\ie-activex-voicerec-develop\ie-activex-voicerec-develop\ieactivexvoicerec\ieactivexvoicerecidl.h
c:\users\atlas\downloads\ie-activex-voicerec-develop\ie-activex-voicerec-develop\ieactivexvoicerec\x64\debug\ieactivexvoicerec.res
c:\users\atlas\downloads\ie-activex-voicerec-develop\ie-activex-voicerec-develop\ieactivexvoicerec\x64\debug\ieactive.a856aa88.tlog\cl.command.1.tlog
c:\users\atlas\downloads\ie-activex-voicerec-develop\ie-activex-voicerec-develop\ieactivexvoicerec\x64\debug\ieactive.a856aa88.tlog\cl.read.1.tlog
c:\users\atlas\downloads\ie-activex-voicerec-develop\ie-activex-voicerec-develop\ieactivexvoicerec\x64\debug\ieactive.a856aa88.tlog\cl.write.1.tlog
c:\users\atlas\downloads\ie-activex-voicerec-develop\ie-activex-voicerec-develop\ieactivexvoicerec\x64\debug\ieactive.a856aa88.tlog\ieactivexvoicerec.write.1u.tlog
c:\users\atlas\downloads\ie-activex-voicerec-develop\ie-activex-voicerec-develop\ieactivexvoicerec\x64\debug\ieactive.a856aa88.tlog\link.command.1.tlog
c:\users\atlas\downloads\ie-activex-voicerec-develop\ie-activex-voicerec-develop\ieactivexvoicerec\x64\debug\ieactive.a856aa88.tlog\link.read.1.tlog
c:\users\atlas\downloads\ie-activex-voicerec-develop\ie-activex-voicerec-develop\ieactivexvoicerec\x64\debug\ieactive.a856aa88.tlog\link.write.1.tlog
c:\users\atlas\downloads\ie-activex-voicerec-develop\ie-activex-voicerec-develop\ieactivexvoicerec\x64\debug\ieactive.a856aa88.tlog\midl.command.1.tlog
c:\users\atlas\downloads\ie-activex-voicerec-develop\ie-activex-voicerec-develop\ieactivexvoicerec\x64\debug\ieactive.a856aa88.tlog\midl.read.1.tlog
c:\users\atlas\downloads\ie-activex-voicerec-develop\ie-activex-voicerec-develop\ieactivexvoicerec\x64\debug\ieactive.a856aa88.tlog\midl.write.1.tlog
c:\users\atlas\downloads\ie-activex-voicerec-develop\ie-activex-voicerec-develop\ieactivexvoicerec\x64\debug\ieactive.a856aa88.tlog\rc.command.1.tlog
c:\users\atlas\downloads\ie-activex-voicerec-develop\ie-activex-voicerec-develop\ieactivexvoicerec\x64\debug\ieactive.a856aa88.tlog\rc.read.1.tlog
c:\users\atlas\downloads\ie-activex-voicerec-develop\ie-activex-voicerec-develop\ieactivexvoicerec\x64\debug\ieactive.a856aa88.tlog\rc.write.1.tlog
