c:\users\atlas\downloads\ie-activex-voicerec-develop\ie-activex-voicerec-develop\ieactivexvoicerec\x64\release\ieactivexvoicerec.pch
c:\users\atlas\downloads\ie-activex-voicerec-develop\ie-activex-voicerec-develop\ieactivexvoicerec\x64\release\vc140.pdb
c:\users\atlas\downloads\ie-activex-voicerec-develop\ie-activex-voicerec-develop\ieactivexvoicerec\x64\release\stdafx.obj
c:\users\atlas\downloads\ie-activex-voicerec-develop\ie-activex-voicerec-develop\ieactivexvoicerec\x64\release\ieactivexvoicerecproppage.obj
c:\users\atlas\downloads\ie-activex-voicerec-develop\ie-activex-voicerec-develop\ieactivexvoicerec\x64\release\ieactivexvoicerecctrl.obj
c:\users\atlas\downloads\ie-activex-voicerec-develop\ie-activex-voicerec-develop\ieactivexvoicerec\x64\release\ieactivexvoicerec.obj
c:\users\atlas\downloads\ie-activex-voicerec-develop\ie-activex-voicerec-develop\ieactivexvoicerec\x64\release\base64.obj
c:\users\atlas\downloads\ie-activex-voicerec-develop\ie-activex-voicerec-develop\ieactivexvoicerec\x64\release\audiohandler.obj
c:\users\atlas\downloads\ie-activex-voicerec-develop\ie-activex-voicerec-develop\ieactivexvoicerec\x64\release\audioformatencoder.obj
c:\users\atlas\downloads\ie-activex-voicerec-develop\ie-activex-voicerec-develop\x64\release\ieactivexvoicerec.lib
c:\users\atlas\downloads\ie-activex-voicerec-develop\ie-activex-voicerec-develop\x64\release\ieactivexvoicerec.exp
c:\users\atlas\downloads\ie-activex-voicerec-develop\ie-activex-voicerec-develop\x64\release\ieactivexvoicerec.ocx
c:\users\atlas\downloads\ie-activex-voicerec-develop\ie-activex-voicerec-develop\x64\release\ieactivexvoicerec.ipdb
c:\users\atlas\downloads\ie-activex-voicerec-develop\ie-activex-voicerec-develop\x64\release\ieactivexvoicerec.iobj
c:\users\atlas\downloads\ie-activex-voicerec-develop\ie-activex-voicerec-develop\x64\release\ieactivexvoicerec.pdb
c:\users\atlas\downloads\ie-activex-voicerec-develop\ie-activex-voicerec-develop\ieactivexvoicerec\x64\release\ieactivexvoicerec.tlb
c:\users\atlas\downloads\ie-activex-voicerec-develop\ie-activex-voicerec-develop\ieactivexvoicerec\ieactivexvoicerec_i.c
c:\users\atlas\downloads\ie-activex-voicerec-develop\ie-activex-voicerec-develop\ieactivexvoicerec\ieactivexvoicerecidl.h
c:\users\atlas\downloads\ie-activex-voicerec-develop\ie-activex-voicerec-develop\ieactivexvoicerec\x64\release\ieactivexvoicerec.res
c:\users\atlas\downloads\ie-activex-voicerec-develop\ie-activex-voicerec-develop\ieactivexvoicerec\x64\release\ieactive.a856aa88.tlog\cl.command.1.tlog
c:\users\atlas\downloads\ie-activex-voicerec-develop\ie-activex-voicerec-develop\ieactivexvoicerec\x64\release\ieactive.a856aa88.tlog\cl.read.1.tlog
c:\users\atlas\downloads\ie-activex-voicerec-develop\ie-activex-voicerec-develop\ieactivexvoicerec\x64\release\ieactive.a856aa88.tlog\cl.write.1.tlog
c:\users\atlas\downloads\ie-activex-voicerec-develop\ie-activex-voicerec-develop\ieactivexvoicerec\x64\release\ieactive.a856aa88.tlog\ieactivexvoicerec.write.1u.tlog
c:\users\atlas\downloads\ie-activex-voicerec-develop\ie-activex-voicerec-develop\ieactivexvoicerec\x64\release\ieactive.a856aa88.tlog\link.command.1.tlog
c:\users\atlas\downloads\ie-activex-voicerec-develop\ie-activex-voicerec-develop\ieactivexvoicerec\x64\release\ieactive.a856aa88.tlog\link.read.1.tlog
c:\users\atlas\downloads\ie-activex-voicerec-develop\ie-activex-voicerec-develop\ieactivexvoicerec\x64\release\ieactive.a856aa88.tlog\link.write.1.tlog
c:\users\atlas\downloads\ie-activex-voicerec-develop\ie-activex-voicerec-develop\ieactivexvoicerec\x64\release\ieactive.a856aa88.tlog\midl.command.1.tlog
c:\users\atlas\downloads\ie-activex-voicerec-develop\ie-activex-voicerec-develop\ieactivexvoicerec\x64\release\ieactive.a856aa88.tlog\midl.read.1.tlog
c:\users\atlas\downloads\ie-activex-voicerec-develop\ie-activex-voicerec-develop\ieactivexvoicerec\x64\release\ieactive.a856aa88.tlog\midl.write.1.tlog
c:\users\atlas\downloads\ie-activex-voicerec-develop\ie-activex-voicerec-develop\ieactivexvoicerec\x64\release\ieactive.a856aa88.tlog\rc.command.1.tlog
c:\users\atlas\downloads\ie-activex-voicerec-develop\ie-activex-voicerec-develop\ieactivexvoicerec\x64\release\ieactive.a856aa88.tlog\rc.read.1.tlog
c:\users\atlas\downloads\ie-activex-voicerec-develop\ie-activex-voicerec-develop\ieactivexvoicerec\x64\release\ieactive.a856aa88.tlog\rc.write.1.tlog
